[2025-06-10T13:03:46.247Z] ERROR: ❌ Error:
[2025-06-10T13:06:37.105Z] ERROR: ❌ Fallo al procesar tema Economía: Request failed with status code 404
[2025-06-10T13:06:41.266Z] ERROR: ❌ Fallo al procesar tema MedioAmbiente: Request failed with status code 404
[2025-06-10T13:06:41.360Z] ERROR: ❌ Fallo al procesar tema Viajes: Request failed with status code 404
[2025-06-10T13:06:41.460Z] ERROR: ❌ Fallo al procesar tema Saludable: Request failed with status code 404
[2025-06-10T13:06:41.559Z] ERROR: ❌ Fallo al procesar tema CodigoRojo: Request failed with status code 404
[2025-06-10T13:06:50.021Z] ERROR: ❌ Fallo al procesar tema Comercio: Request failed with status code 404
[2025-06-10T13:06:50.119Z] ERROR: ❌ Fallo al procesar tema Valparaiso: Request failed with status code 404
[2025-06-10T13:06:50.212Z] ERROR: ❌ Fallo al procesar tema Temuco: Request failed with status code 404
[2025-06-10T13:06:50.306Z] ERROR: ❌ Fallo al procesar tema BioBio: Request failed with status code 404
[2025-06-10T13:06:50.405Z] ERROR: ❌ Fallo al procesar tema Comercio: Request failed with status code 404
[2025-06-10T13:06:53.925Z] ERROR: ❌ Fallo al procesar tema GiGi: Request failed with status code 404
[2025-06-10T13:06:54.023Z] ERROR: ❌ Fallo al procesar tema Vibra: Request failed with status code 404
[2025-06-10T13:06:54.117Z] ERROR: ❌ Fallo al procesar tema Neon: Request failed with status code 404
[2025-06-25T12:42:51.413Z] ERROR: ❌ Fallo al procesar tema Economía: Request failed with status code 404
[2025-06-25T12:42:51.591Z] ERROR: ❌ Fallo al procesar tema MedioAmbiente: Request failed with status code 404
[2025-06-25T12:42:51.698Z] ERROR: ❌ Fallo al procesar tema Viajes: Request failed with status code 404
[2025-06-25T12:42:51.783Z] ERROR: ❌ Fallo al procesar tema Saludable: Request failed with status code 404
[2025-06-25T12:42:51.871Z] ERROR: ❌ Fallo al procesar tema CodigoRojo: Request failed with status code 404
[2025-06-25T12:42:52.161Z] ERROR: ❌ Fallo al procesar tema Coquimbo: Request failed with status code 404
[2025-06-25T12:42:52.248Z] ERROR: ❌ Fallo al procesar tema Comercio: Request failed with status code 404
[2025-06-25T12:42:52.329Z] ERROR: ❌ Fallo al procesar tema Valparaiso: Request failed with status code 404
[2025-06-25T12:42:52.413Z] ERROR: ❌ Fallo al procesar tema Temuco: Request failed with status code 404
[2025-06-25T12:42:52.527Z] ERROR: ❌ Fallo al procesar tema BioBio: Request failed with status code 404
[2025-06-25T12:42:52.630Z] ERROR: ❌ Fallo al procesar tema Comercio: Request failed with status code 404
[2025-06-25T12:42:52.835Z] ERROR: ❌ Fallo al procesar tema GiGi: Request failed with status code 404
[2025-06-25T12:42:52.926Z] ERROR: ❌ Fallo al procesar tema Vibra: Request failed with status code 404
[2025-06-25T12:42:53.019Z] ERROR: ❌ Fallo al procesar tema Neon: Request failed with status code 404
[2025-06-27T12:24:50.583Z] ERROR: ❌ Fallo al procesar tema Economía: Request failed with status code 404
[2025-06-27T12:24:51.450Z] ERROR: ❌ Fallo al procesar tema MedioAmbiente: Request failed with status code 404
[2025-06-27T12:24:51.547Z] ERROR: ❌ Fallo al procesar tema Viajes: Request failed with status code 404
[2025-06-27T12:24:51.639Z] ERROR: ❌ Fallo al procesar tema Saludable: Request failed with status code 404
[2025-06-27T12:24:51.724Z] ERROR: ❌ Fallo al procesar tema CodigoRojo: Request failed with status code 404
[2025-06-27T12:24:53.794Z] ERROR: ❌ Fallo al procesar tema Comercio: Request failed with status code 404
[2025-06-27T12:24:53.882Z] ERROR: ❌ Fallo al procesar tema Valparaiso: Request failed with status code 404
[2025-06-27T12:24:53.978Z] ERROR: ❌ Fallo al procesar tema Temuco: Request failed with status code 404
[2025-06-27T12:24:54.060Z] ERROR: ❌ Fallo al procesar tema BioBio: Request failed with status code 404
[2025-06-27T12:24:54.144Z] ERROR: ❌ Fallo al procesar tema Comercio: Request failed with status code 404
[2025-06-27T12:24:54.821Z] ERROR: ❌ Fallo al procesar tema GiGi: Request failed with status code 404
[2025-06-27T12:24:54.914Z] ERROR: ❌ Fallo al procesar tema Vibra: Request failed with status code 404
[2025-06-27T12:24:55.002Z] ERROR: ❌ Fallo al procesar tema Neon: Request failed with status code 404
